e:\projects\elevator_cmp\elevator_cmp\x64\debug\vc143.pdb
e:\projects\elevator_cmp\elevator_cmp\x64\debug\vc143.idb
e:\projects\elevator_cmp\elevator_cmp\x64\debug\ui.obj
e:\projects\elevator_cmp\elevator_cmp\x64\debug\visitor.obj
e:\projects\elevator_cmp\elevator_cmp\x64\debug\patient.obj
e:\projects\elevator_cmp\elevator_cmp\x64\debug\cargo.obj
e:\projects\elevator_cmp\elevator_cmp\x64\debug\main.obj
e:\projects\elevator_cmp\elevator_cmp\x64\debug\hospital.obj
e:\projects\elevator_cmp\elevator_cmp\x64\debug\floor.obj
e:\projects\elevator_cmp\elevator_cmp\x64\debug\data.obj
e:\projects\elevator_cmp\elevator_cmp\x64\debug\event.obj
e:\projects\elevator_cmp\elevator_cmp\x64\debug\v_elevator.obj
e:\projects\elevator_cmp\elevator_cmp\x64\debug\p_elevator.obj
e:\projects\elevator_cmp\elevator_cmp\x64\debug\main_elevator.obj
e:\projects\elevator_cmp\elevator_cmp\x64\debug\c_elevator.obj
e:\projects\elevator_cmp\x64\debug\elevator_cmp.pdb
e:\projects\elevator_cmp\elevator_cmp\x64\debug\elevator_cmp.tlog\cl.command.1.tlog
e:\projects\elevator_cmp\elevator_cmp\x64\debug\elevator_cmp.tlog\cl.read.1.tlog
e:\projects\elevator_cmp\elevator_cmp\x64\debug\elevator_cmp.tlog\cl.write.1.tlog
e:\projects\elevator_cmp\elevator_cmp\x64\debug\elevator_cmp.tlog\link-cvtres.read.1.tlog
e:\projects\elevator_cmp\elevator_cmp\x64\debug\elevator_cmp.tlog\link-cvtres.write.1.tlog
e:\projects\elevator_cmp\elevator_cmp\x64\debug\elevator_cmp.tlog\link-rc.read.1.tlog
e:\projects\elevator_cmp\elevator_cmp\x64\debug\elevator_cmp.tlog\link-rc.write.1.tlog
e:\projects\elevator_cmp\elevator_cmp\x64\debug\elevator_cmp.tlog\link.command.1.tlog
e:\projects\elevator_cmp\elevator_cmp\x64\debug\elevator_cmp.tlog\link.read.1.tlog
e:\projects\elevator_cmp\elevator_cmp\x64\debug\elevator_cmp.tlog\link.read.2.tlog
e:\projects\elevator_cmp\elevator_cmp\x64\debug\elevator_cmp.tlog\link.write.1.tlog
